<?xml version="1.0" encoding="UTF-8"?>
<!-- Generated by org.testng.reporters.JUnitReportReporter -->
<testsuite hostname="LAPTOP-9T5F1S0J" failures="0" tests="2" name="Academy.HomePage" time="11.534" errors="0" timestamp="2021-10-09T04:02:44 IST" skipped="0">
  <testcase classname="Academy.HomePage" name="basePageNavigation" time="3.413"/>
  <system-out/>
  <testcase classname="Academy.HomePage" name="basePageNavigation" time="8.121"/>
  <system-out/>
</testsuite> <!-- Academy.HomePage -->
