<?xml version="1.0" encoding="UTF-8"?>
<!-- Generated by org.testng.reporters.JUnitReportReporter -->
<testsuite hostname="LAPTOP-9T5F1S0J" failures="0" tests="1" name="Academy.ValidateNavigationBar" time="0.319" errors="0" timestamp="2021-10-09T04:02:44 IST" skipped="0">
  <testcase classname="Academy.ValidateNavigationBar" name="validateAppNavBar" time="0.319"/>
  <system-out/>
</testsuite> <!-- Academy.ValidateNavigationBar -->
