<?xml version="1.0" encoding="UTF-8"?>
<!-- Generated by org.testng.reporters.JUnitReportReporter -->
<testsuite hostname="LAPTOP-9T5F1S0J" failures="0" tests="1" name="Academy.ValidateTitle" time="0.062" errors="0" timestamp="2021-10-12T18:31:10 IST" skipped="0">
  <testcase classname="Academy.ValidateTitle" name="validateTitle" time="0.062"/>
  <system-out/>
</testsuite> <!-- Academy.ValidateTitle -->
