<?xml version="1.0" encoding="UTF-8"?>
<!-- Generated by org.testng.reporters.JUnitReportReporter -->
<testsuite hostname="LAPTOP-9T5F1S0J" failures="0" tests="2" name="Academy.HomePage" time="7.464" errors="0" timestamp="2021-10-12T18:31:10 IST" skipped="0">
  <testcase classname="Academy.HomePage" name="basePageNavigation" time="5.153"/>
  <system-out/>
  <testcase classname="Academy.HomePage" name="basePageNavigation" time="2.311"/>
  <system-out/>
</testsuite> <!-- Academy.HomePage -->
